C:\Windows\system32\KERNELBASE.dll
C:\Windows\system32\kernel32.dll
C:\Windows\SYSTEM32\ntdll.dll
C:\Windows\system32\MSVCR110D.dll
C:\Windows\system32\MSVCR110.dll
C:\Windows\system32\msvcr110.dll
C:\Windows\system32\oleaut32.dll
C:\Windows\system32\ole32.dll
C:\Windows\system32\msvcrt.dll
C:\Windows\system32\GDI32.dll
C:\Windows\system32\USER32.dll
C:\Windows\system32\LPK.dll
C:\Windows\system32\USP10.dll
C:\Windows\system32\RPCRT4.dll
C:\Windows\system32\IMM32.DLL
C:\Windows\system32\MSCTF.dll
C:\Windows\system32\advapi32.dll
C:\Windows\SYSTEM32\sechost.dll
C:\Windows\system32\version.dll
C:\Windows\system32\wsock32.dll
C:\Windows\system32\WS2_32.dll
C:\Windows\system32\NSI.dll
C:\Windows\system32\uxtheme.dll
C:\Windows\system32\apphelp.dll